[    0.000]] Iitalizngcgrp ubs cust[    0.000000] niializg group sbs cpu
[   000000] Initializing cgroup sbss cpuacct
[  0000000] Linux version4.4.0-112-generic (build@lgw01-md-010) ccversion .4 20160609 (Ubunu 4.0-6buu1~16..5 ) #135-Uun SMP Fri Jan 19 11:48:36 UTC20 (Ubutu.4.0-112.13-generic 4.4.98)
[   0.0000 Commad ine: BOO_IGE=/oo/vinz-4.4.0-112-generic root=LABEL=cloudimg-rootfs ro console=tt1 onsole=ttyS0
    0.00000] KERNEL suppotecpus
   0.0000   Intel GeineInl
[  .0000]  AD AuthetiAMD
   00000   enur CentaurHauls
   0.0000 x86/pu xsteoffset[2]:  57 xtatsies[2]:  256
[   0.0000 x86/fpu Suporting XSAE featur 01: 'x foangpoit egisters'
[    0.000000] x86/fpu: Supporting XSAVE feature 0x02: 'SSE registers'
[    0.000000] x86/fpu: Supporting XSAVE feature 0x04: 'AX gisters
   0.000] x6/u: Enabled xstate featurs 7, conte szeis32 bytes, using 'tada' ormat
   0.000000] x86/fpu: Using 'lazy' FPU onext swites.
   0000000]e80:BIS-rovided phsica RM ap
[  0.00000] OS-e820: [memx0000000000000x000000009fff] uab
[   0.0000] IOe820[mm 0x00000000009fc00-0x000000000009ffff] reserv
[   0.0000] BS-82: em 0x00000000f000x00000000fffff rsered
[    0.00000] BIOS-e82: me 0x00000000010000-0x00000fefffusabe
[    00000] IOe820:me 0x0000003fff000-0x000003ffff] ACPdaa    00000 BS-e82: em 0000000ec000-0x0000000fc00fff] reserved
[    0.000000] BIOS-82: [mem 0x00000000fe00000-0x000000fee0ff resrvd
[  .000000] BIOS-e820: [mem 0x00000000fffc0000-0x00000000ffffffff] reserved
[    0.000000] NX (Execute Disable) proecion: ctve
[    0.000] SMBIOS 5 resnt
[    0.000000] ypviso dectedKV
[    0.000000] e820: last_pfn = 0x3ff mx_archfn= 0x400000000[    000000] MRR Disabld
[    0.0000] x86PAT: MTRs disabled, skipin PT nializatontoo.
[    .00000] CP MRs alblnk -irtualizedsystem.
[   0.00000]86/PAT: Cnfgutin [0-7]: WB  WT  UC-UC  WB  WT  - UC 
   0.000] und S M-tab a [m 00009fff0-0x0009ffff] mapped at [fff80009ff0]
[   0.00000Scannng areafo low emy corruti
[   000000] RAMDIS [em 0x36adc000-0x37565fff]
[  0000000]CP: Ear tbl ccksum vrication disabld
[   0.00000] ACPI RSDP0x00000000E000 00024 (v2 VBOX  
[   000000 AI: XSD0x000000003F000 000 (v01BO   VBXXT 0000001ASL0000061)[    0.000] ACPI: FAP x000003FF000 0000F4 (v0 VX   OXFACP 00000001 ASL  00000061)
[    0.000000] ACPI: DSDT 0x000000003FFF0470 0021FF (v02 VBO  VBOXBS 0000 INT 2010028)
[   0000000 AI: FACS 0x0000003FFF0200 000040
[    0.000000] CP FACS x0000003FF00 0000
[    0.000000] ACPI: APIC 0x000000003FF040 00005C (v02 VBOX   VBXAPIC0000000 AL  00000061)
[    0.00000] CPI: SSDT 0x000000003FF0A00001CC (v0 VOX  VBXCUT00002 NT 210528)
[    0.000000] No NUMA configuration found
[   0.000000] Faking a node at [mem x0000000000000000x00000003feffff]
[    0.0000] NODE_DATA(0) allocated [mem 0x3fe000-3feffff]
[    0.000000] kvm-clock: Using msrs 4b564d01 and 4b564d00
[    0.000000kvm-lo: cp 0msr 0:3fe31, pmay u lo
    00000 k-clo: sin sed offset  467024 cycles
[   000000] clocksource: kvm-clock: mask: 0xffffffffffffffff max_ycle: x1cd42e4dfbmax_iles: 881590591483 ns
[    0.000000] Zone ranges:
[    0.000000]   DMA      [mem 0x0000000000001000-0x00000000fffff]
[    0.00000]  MA2   me 0x000000100000x000000003ffefff]
[    0.000000]  Nomal  epty
   0.0000   Device  emty[    0.000000] Mvabe zone start fo ech nod
    0.0000] Ealy memory node anges
[    0.000000]   node   0: [mem 0x00000000000010000x000000000009efff]
[   0.00000] node   : em 0x00000000000-0x000003ffeff
[   .0000] nitm etup node0 em 0x0000000000001000-0x000003ffeffff
[    0.000000] API PTier IIO Port: 0x4008
[    0.000000] IOAPIC[0]: apic_id 2, version 32, address 0xfec00000, GSI 023
[   0.00000]ACPI: INT_SC_VR (bu 0 us_irq 0 global_irq 2 dfl dfl)
[    0.000000] CP: NT_C_VR (bus 0 usirq 9lobair 9 owleve)[   00000 Uing ACPIMAT) forMP cnfigutin information[   0.00000] pbootAlowng CPUs, 0 hotplug CPU
    0.000000] PM: Registerd osae mory: [mem 0x00000000-0x00000fff]
[    0.000000] PM: Registered nosave memory: [mem 0x0009f000-0x0009ffff]
[    0.000000] PM: Reistered osve meor [me0x00a0000x00effff
[    0.0000 PM: Reisred nav mery: [mem 0x00f0000-x00ffff
    00000] e820 [em 04000000-xffffff] available for PCI devces
[   0.00000Booti prairualizedkenel on KVM
[    0.000000] clcksource: refined-jiffies: ask: 0xffffffff mx_ycles:xffffff, axide_n: 645196002168 ns
[   000000seup_perc: NR_CPS:2 nr_cpumask_bits:512 nr_cpu_ids:2 nr_node_ids:1
[    0.000000] PERCPU: Embedded 34 pages/cpu @ffff88003fc00000 s99544 r8192 d31528 u1048576
[    0.000000] PV qspinlock hash table entries: 256 (ord: 0,40 byte
    000000 Built1 oneliss i Node order, moiltygrouping o.  Total pages: 257913
[    0.0000] Polcyzone: DMA32
[    0.000000] Kernel omand lineBOT_IMA=/bot/linuz-44.0-12-generi rt=LAB=coudimgrofs ro console=tty1 console=tty
[    00000]ID hash table tries: 4096 (order: 3, 32768 bytes)
[    0.0000] emry: 1001740/14820K vaable849Kkeel code,1309K rwdata, 3988 rodata,1508K init, 1316K bss, 46380K reserved, 0K marerved)
[   0.000000] SLB:Walign=6, der=0-3, MnOects, PUs=2, ods=1
[    00000] KerneUsr pe ables isaton:nale
   00000] HirachicalRCimplementation.
[  0.000000] Bud-time adjustment of leaf fanout to 64.
[    .00000] 	RCU restricting CPUs om N_CS=512 tonrcp_i=2.
[   0.0000 R: Adjtig geometry fr u_fanout_leaf=64,r_pu_ds
[  0.00000] NR_IS:33024 _iqs:4406
[   .0000]Coso: colour VGA80x25
  0.0000] console [tty1] enabled
[   0.000000] console [ttyS0] enabld
[   .000000] tsc: Detected 2799.998 MHz processor
[   23.251767] Calibrating delay loop (skipped) preset value.. 5599.99 BogoMIPS (lpj=11199992)
[   23.369475] pid_max: default: 32768 minimum: 301
[   23.450612] ACPI: Core revision 20150930
[   23.501855] ACPI: 2 ACPI AML tables successfully acquired and loaded
[   23.549647] Security Framework initialized
[   23.599866] Yama: becoming mindful.
[   23.635495] AppArmor: AppArmor initialized
[   23.656367] Dentry cache hash table entries: 131072 (order: 8, 1048576 bytes)
[   23.719977] Inode-cache hash table entries: 65536 (order: 7, 524288 bytes)
[   23.790822] Mount-cache hash table entries: 2048 (order: 2, 16384 bytes)
[   23.854344] Mountpoint-cache hash table entries: 2048 (order: 2, 16384 bytes)
[   23.858520] Initializing cgroup subsys io
[   23.860095] Initializing cgroup subsys memory
[   23.868000] Initializing cgroup subsys devices
[   23.909156] Initializing cgroup subsys freezer
[   23.973455] Initializing cgroup subsys net_cls
[   24.017827] Initializing cgroup subsys perf_event
[   24.073080] Initializing cgroup subsys net_prio
[   24.117120] Initializing cgroup subsys hugetlb
[   24.146296] Initializing cgroup subsys pids
[   24.171436] CPU: Physical Processor ID: 0
[   24.194928] CPU: Processor Core ID: 0
[   24.206514] FEATURE SPEC_CTRL Not Present
[   24.226505] mce: CPU supports 0 MCE banks
[   24.237999] Last level iTLB entries: 4KB 1024, 2MB 1024, 4MB 1024
[   24.265486] Last level dTLB entries: 4KB 1024, 2MB 1024, 4MB 1024, 1GB 4
[   24.303244] Freeing SMP alternatives memory: 32K
[   24.339990] ftrace: allocating 32180 entries in 126 pages
[   24.412604] smpboot: APIC(0) Converting physical 0 to logical package 0
[   24.424186] smpboot: Max logical packages: 1
[   24.426067] x2apic enabled
[   24.427372] Switched APIC routing to physical x2apic.
[   24.435332] ..TIMER: vector=0x30 apic1=0 pin1=2 apic2=-1 pin2=-1
[   24.613247] smpboot: CPU0: Intel(R) Core(TM) i5-4308U CPU @ 2.80GHz (family: 0x6, model: 0x45, stepping: 0x1)
[   24.741815] Performance Events: unsupported p6 CPU model 69 no PMU driver, software events only.
[   24.756441] KVM setup paravirtual spinlock
[   24.801990] x86: Booting SMP configuration:
[   24.846604] .... node  #0, CPUs:      #1
[   24.866650] kvm-clock: cpu 1, msr 0:3ffe3041, secondary cpu clock
[   24.957823] mce: CPU supports 0 MCE banks
[   24.960954] x86: Booted up 1 node, 2 CPUs
[   25.016776] smpboot: Total of 2 processors activated (11199.99 BogoMIPS)
[   25.112243] devtmpfs: initialized
[   25.155722] evm: security.selinux
[   25.185276] evm: security.SMACK64
[   25.211841] evm: security.SMACK64EXEC
[   25.261601] evm: security.SMACK64TRANSMUTE
[   25.317919] evm: security.SMACK64MMAP
[   25.328260] evm: security.ima
[   25.337396] evm: security.capability
[   25.346674] clocksource: jiffies: mask: 0xffffffff max_cycles: 0xffffffff, max_idle_ns: 7645041785100000 ns
[   25.409099] futex hash table entries: 512 (order: 3, 32768 bytes)
[   25.442581] pinctrl core: initialized pinctrl subsystem
[   25.510041] RTC time: 18:58:10, date: 06/10/18
[   25.589235] NET: Registeree protocol family 16
[   25.650173] cpuidle: using governor ladder
[   25.703148] cpuidle: using governor menu
[   25.713226] PCCT header not found.
[   25.753044] ACPI: bus type PCI registered
[   25.788206] acpiphp: ACPI Hot Plug PCI Controller Driver version: 0.5
[   25.835782] PCI: Using configuration type 1 for base access
[   25.885115] ACPI: Added _OSI(Module Device)
[   25.952095] ACPI: Added _OSI(Processor Device)
[   26.006308] ACPI: Added _OSI(3.0 _SCP Extensions)
[   26.089817] ACPI: Added _OSI(Processor Aggregator Device)
[   26.179311] ACPI: Executed 1 blocks of module-level executable AML code
[   26.275967] ACPI: Interpreter enabled
[   26.330336] ACPI: (supports S0 S5)
[   26.343546] ACPI: Using IOAPIC for interrupt routing
[   26.401786] PCI: Using host bridge windows from ACPI; if necessary, use "pci=nocrs" and report a bug
[   26.487049] ACPI: PCI Root Bridge [PCI0] (domain 0000 [bus 00-ff])
[   26.523129] acpi PNP0A03:00: _OSC: OS supports [ASPM ClockPM Segments MSI]
[   26.546487] acpi PNP0A03:00: _OSC: not requesting OS control; OS requires [ExtendedConfig ASPM ClockPM MSI]
[   26.595688] acpi PNP0A03:00: fail to add MMCONFIG information, can't access extended PCI configuration space under this bridge.
[   26.672419] PCI host bridge to bus 0000:00
[   26.690325] pci_bus 0000:00: root bus resource [io  0x0000-0x0cf7 window]
[   26.803367] pci_bus 0000:00: root bus resource [io  0x0d00-0xffff window]
[   26.901245] pci_bus 0000:00: root bus resource [mem 0x000a0000-0x000bffff window]
[   26.942666] pci_bus 0000:00: root bus resource [mem 0x40000000-0xfdffffff window]
[   26.951443] pci_bus 0000:00: root bus resource [bus 00-ff]
[   27.020491] pci 0000:00:01.1: legacy IDE quirk: reg 0x10: [io  0x01f0-0x01f7]
[   27.054739] pci 0000:00:01.1: legacy IDE quirk: reg 0x14: [io  0x03f6]
[   27.056701] pci 0000:00:01.1: legacy IDE quirk: reg 0x18: [io  0x0170-0x0177]
[   27.130359] pci 0000:00:01.1: legacy IDE quirk: reg 0x1c: [io  0x0376]
[   27.259242] pci 0000:00:07.0: quirk: [io  0x4000-0x403f] claimed by PIIX4 ACPI
[   27.280380] pci 0000:00:07.0: quirk: [io  0x4100-0x410f] claimed by PIIX4 SMB
[   27.336053] ACPI: PCI Interrupt Link [LNKA] (IRQs 5 9 10 *11)
[   27.377445] ACPI: PCI Interrupt Link [LNKB] (IRQs 5 9 *10 11)
[   27.395841] ACPI: PCI Interrupt Link [LNKC] (IRQs 5 *9 10 11)
[   27.410893] ACPI: PCI Interrupt Link [LNKD] (IRQs 5 9 10 *11)
[   27.420120] ACPI: Enabled 2 GPEs in block 00 to 07
[   27.444123] vgaarb: setting as boot device: PCI:0000:00:02.0
[   27.452218] vgaarb: device added: PCI:0000:00:02.0,decodes=io+mem,owns=io+mem,locks=none
[   27.476330] vgaarb: loaded
[   27.496296] vgaarb: bridge control possible 0000:00:02.0
[   27.526277] SCSI subsystem initialized
[   27.541168] ACPI: bus type USB registered
[   27.558994] usbcore: registered new interface driver usbfs
[   27.618755] usbcore: registered new interface driver hub
[   27.720962] usbcore: registered new device driver usb
[   27.772926] PCI: Using ACPI for IRQ routing
[   27.777559] NetLabel: Initializing
[   27.790619] NetLabel:  domain hash size = 128
[   27.805196] NetLabel:  protocols = UNLABELED CIPSOv4
[   27.830381] NetLabel:  unlabeled traffic allowed by default
[   27.934906] amd_nb: Cannot enumerate AMD northbridges
[   27.971752] clocksource: Switched to clocksource kvm-clock
[   29954Aprmor AArr lest Eabed[ 2846591] pp:Pn ACPI init
[ 29090]npPnAC: un3 eves
[   29.863651] clocksource: acpi_pm: mask: 0xffffff max_cycles: 0xffffff, max_idle_ns: 2085701024 ns
[   29.935794] NET: Registered protocol family 2
[   29.981041] TCP established hash table entries: 8192 (order: 4, 65536 bytes)
[   30.012784] TCP bind hash table entries: 8192 (order: 5, 131072 bytes)
[   30.024913] TCP: Hash tables configured (established 8192 bind 8192)
[   30.059840] UDP hash table entries: 512 (order: 2, 16384 bytes)
[   30.064689] UDP-Lite hash table entries: 512 (order: 2, 16384 bytes)
[   30.088547] NET: Registered protocol family 1
[   30.113711] pci 0000:00:00.0: Limiting direct PCI/PCI transfers
[   30.162873] pci 0000:00:01.0: Activating ISA DMA hang workarounds
[   30.212137] Unpacking initramfs...
[   32.743537] Freeing initrd memory: 10792K
[   32.783321] RAPL PMU detected, API unit is 2^-32 Joules, 4 fixed counters 10737418240 ms ovfl timer
[   32.824403] hw unit of domain pp0-core 2^-0 Joules
[   32.855544] hw unit of domain package 2^-0 Joules
[   32.906613] hw unit of domain dram 2^-0 Joules
[   32.932942] hw unit of domain pp1-gpu 2^-0 Joules
[   32.983011] platform rtc_cmos: gier ptfm C vi ( P dic fnd
[  3817826] canin f l morcouponvey  son
  .6941] tc: Refined TSC clocksource caibti: 799.539 Hz

[   35.182903] clocksource: sc mk:xfffffffff mx_cl: 288dd4 max_idle_ns: 440795276580 s
[   35.986048] audit: initializing netlink subsys (disabled)
[   36.053038] audit: type=2000 audit(1528657079.751:1): initialized
[   36.083165] Initialise system trusted keyring
[   36.160327] HugeTLB registered 2 MB page size, pre-allocated 0 pages
[   36.266051] zbud: loaded
[   36.270748] VFS: Disk quotas dquot_6.6.0
[   36.313137] VFS: Dquot-cache hash table entries: 512 (order 0, 4096 bytes)
[   36.432016] squashfs: version 4.0 (2009/01/31) Phillip Lougher
[   36.525017] fuse init (API version 7.23)
[   36.557595] Key type big_key registered
[   36.565455] Allocating IMA MOK and blacklist keyrings.
[   36.617224] Key type asymmetric registered
[   36.669332] Asymmetric key parser 'x509' registered
[   36.692010] Block layer SCSI generic (bsg) driver version 0.4 loaded (major 249)
[   36.768514] io scheduler noop registered
[   36.799868] io scheduler deadline registered (default)
[   36.879788] io scheduler cfq registered
[   36.944124] pci_hotplug: PCI Hot Plug PCI Core version: 0.5
[   36.958130] pciehp: PCI Express Hot Plug Controller Driver version: 0.4
[   36.980790] ACPI: AC Adapter [AC] (on-line)
[   37.030893] input: Power Button as /devices/LNXSYSTM:00/LNXPWRBN:00/input/input0
[   37.081110] ACPI: Power Button [PWRF]
[   37.113507] input: Sleep Button as /devices/LNXSYSTM:00/LNXSLPBN:00/input/input1
[   37.213043] ACPI: Sleep Button [SLPF]
[   37.283608] GHES: HEST is not enabled!
[   37.284651] ACPI: Battery Slot [BAT0] (battery present)
[   37.462608] Serial: 8250/16550 driver, 32 ports, IRQ sharing enabled
ÿ[   37.535695] 00:02: ttyS0 at I/O 0x3f8 (irq = 4, base_baud = 115200) is a 16550A
[   37.585044] Linux agpgart interface v0.103
[   37.660996] loop: module loaded
[   37.727074] scsi host0: ata_piix
[   37.789784] scsi host1: ata_piix
[   37.847754] ata1: PATA max UDMA/33 cmd 0x1f0 ctl 0x3f6 bmdma 0xd000 irq 14
[   38.003142] ata2: PATA max UDMA/33 cmd 0x170 ctl 0x376 bmdma 0xd008 irq 15
[   38.103932] libphy: Fixed MDIO Bus: probed
[   38.147632] tun: Universal TUN/TAP device driver, 1.6
[   38.251057] tun: (C) 1999-2004 Max Krasnyansky <maxk@qualcomm.com>
[   38.339092] PPP generic driver version 2.4.2
[   38.426137] ehci_hcd: USB 2.0 'Enhanced' Host Controller (EHCI) Driver
[   38.512678] ehci-pci: EHCI PCI platform driver
[   38.566409] ehci-platform: EHCI generic platform driver
[   38.624906] ohci_hcd: USB 1.1 'Open' Host Controller (OHCI) Driver
[   38.729523] ohci-pci: OHCI PCI platform driver
[   38.776639] ohci-platform: OHCI generic platform driver
[   38.873278] uhci_hcd: USB Universal Host Controller Interface driver
[   39.005290] i8042: PNP: PS/2 Controller [PNP0303:PS2K,PNP0f03:PS2M] at 0x60,0x64 irq 1,12
[   39.141733] serio: i8042 KBD port at 0x60,0x64 irq 1
[   39.263648] serio: i8042 AUX port at 0x60,0x64 irq 12
[   39.340163] mousedev: PS/2 mouse device common for all mice
[   39.408807] rtc_cmos rtc_cmos: rtc core: registered rtc_cmos as rtc0
[   39.490259] rtc_cmos rtc_cmos: alarms up to one day, 114 bytes nvram
[   39.580385] i2c /dev entries driver
[   39.613340] input: AT Translated Set 2 keyboard as /devices/platform/i8042/serio0/input/input2
[   39.772159] deic-mppe: ueen: versin 0.
[   40.098310] device-mapper: ioctl: 4.34.0-ioctl (2015-10-28) initialised: dm-devel@redhat.com
[   40.195175] ledtrig-cpu: registered to indicate activity on CPUs
[   40.267967] NET: Registered protocol family 10
[   40.332190] NET: Registered protocol family 17
[   40.430629] Key type dns_resolver registered
[   40.477824] microcode: CPU0 sig=0x40651, pf=0x40, revision=0x0
[   40.488738] microcode: CPU1 sig=0x40651, pf=0x40, revision=0x0
[   40.540627] microcode: Microcode Update Driver: v2.01 <tigran@aivazian.fsnet.co.uk>, Peter Oruba
[   40.650503] registered taskstats version 1
[   40.724229] Loading compiled-in X.509 certificates
[   40.768586] Loaded X.509 cert 'Build time autogenerated kernel key: 4c603087bab8f0a02cb3b4e1fb4c40f507e71ef1'
[   40.896298] zswap: loaded using pool lzo/zbud
[   40.954231] Key type trusted registered
[   41.014639] Key type encrypted registered
[   41.035620] AppArmor: AppArmor sha1 policy hashing enabled
[   41.052912] ima: No TPM chip found, activating TPM-bypass!
[   41.069191] evm: HMAC attrs: 0x1
[   41.073088]   Magic number: 6:104:999
[   41.143128] i8042 aux 00:01: hash matches
[   41.162665]  pnp0: hash matches
[   41.182568] rtc_cmos rtc_cmos: setting system clock to 2018-06-10 18:58:26 UTC (1528657106)
[   41.204498] BIOS EDD facility v0.16 2004-Jun-25, 0 devices found
[   41.251540] EDD information not available.
[   41.262162] Freeing unused kernel memory: 1508K
[   41.290205] Write protecting the kernel read-only data: 14336k
[   41.343182] Freeing unused kernel memory: 1728K
[   41.374639] Freeing unused kernel memory: 108K
Loading, please wait...
[   41.449459] random: systemd-udevd: uninitialized urandom read (16 bytes read, 4 bits of entropy available)
starting version[   41.450518] random: udevadm: uninitialized urandom read (16 bytes read, 4 bits of entropy available)
 229
[   41.450649] random: udevadm: uninitialized urandom read (16 bytes read, 4 bits of entropy available)
[   41.470701] random: udevadm: uninitialized urandom read (16 bytes read, 4 bits of entropy available)
[   41.470752] random: udevadm: uninitialized urandom read (16 bytes read, 4 bits of entropy available)
[   41.471265] random: udevadm: uninitialized urandom read (16 bytes read, 4 bits of entropy available)
[   41.471357] random: udevadm: uninitialized urandom read (16 bytes read, 4 bits of entropy available)
[   41.471441] random: udevadm: uninitialized urandom read (16 bytes read, 4 bits of entropy available)
[   41.471526] random: udevadm: uninitialized urandom read (16 bytes read, 4 bits of entropy available)
[   41.471608] random: udevadm: uninitialized urandom read (16 bytes read, 4 bits of entropy available)
[   42.235279] Fusion MPT base driver 3.04.20
[   42.252924] Copyright (c) 1999-2008 LSI Corporation
[   42.262848] e1000: Intel(R) PRO/1000 Network Driver - version 7.3.21-k8-NAPI
[   42.278124] e1000: Copyright (c) 1999-2006 Intel Corporation.
[   42.309795] AVX2 version of gcm_enc/dec engaged.
[   42.337062] AES CTR mode by8 optimization enabled
[   42.395779] Fusion MPT SPI Host driver 3.04.20
[   42.564441] input: ImExPS/2 Generic Explorer Mouse as /devices/platform/i8042/serio1/input/input4
[   42.929635] e1000 0000:00:03.0 eth0: (PCI:33MHz:32-bit) 02:1f:2a:60:99:e3
[   42.952214] e1000 0000:00:03.0 eth0: Intel(R) PRO/1000 Network Connection
[   42.996371] mptbase: ioc0: Initiating bringup
[   43.000904] e1000 0000:00:03.0 enp0s3: renamed from eth0
[   43.128064] ioc0: LSI53C1030 A0: Capabilities={Initiator}
[   43.326408] scsi host2: ioc0: LSI53C1030 A0, FwRev=00000000h, Ports=1, MaxQ=256, IRQ=20
[   43.496376] scsi 2:0:0:0: Direct-Access     VBOX     HARDDISK         1.0  PQ: 0 ANSI: 5
[   43.534836] scsi target2:0:0: Beginning Domain Validation
[   43.581142] scsi target2:0:0: Domain Validation skipping write tests
[   43.644159] scsi target2:0:0: Ending Domain Validation
[   43.664213] scsi target2:0:0: asynchronous
[   43.727627] scsi 2:0:1:0: Direct-Access     VBOX     HARDDISK         1.0  PQ: 0 ANSI: 5
[   43.811199] scsi target2:0:1: Beginning Domain Validation
[   43.843930] scsi target2:0:1: Domain Validation skipping write tests
[   43.899444] scsi target2:0:1: Ending Domain Validation
[   43.913420] scsi target2:0:1: asynchronous
[   43.935552] sd 2:0:0:0: Attached scsi generic sg0 type 0
[   43.936102] sd 2:0:0:0: [sda] 20971520 512-byte logical blocks: (10.7 GB/10.0 GiB)
[   43.936436] sd 2:0:0:0: [sda] Write Protect is off
[   43.936575] sd 2:0:0:0: [sda] Incomplete mode parameter data
[   43.936577] sd 2:0:0:0: [sda] Assuming drive cache: write through
[   43.938522]  sda: sda1
[   43.939335] sd 2:0:0:0: [sda] Attached SCSI disk
[   44.246318] sd 2:0:1:0: [sdb] 20480 512-byte logical blocks: (10.5 MB/10.0 MiB)
[   44.264820] sd 2:0:1:0: Attached scsi generic sg1 type 0
[   44.267318] sd 2:0:1:0: [sdb] Write Protect is off
[   44.333353] sd 2:0:1:0: [sdb] Incomplete mode parameter data
[   44.348449] sd 2:0:1:0: [sdb] Assuming drive cache: write through
[   44.420784] sd 2:0:1:0: [sdb] Attached SCSI disk
[   45.360089] floppy0: no floppy controllers found
Begin: Loading e[   46.797936] md: linear personality registered for level -1
ssential drivers[   46.822459] md: multipath personality registered for level -4
 ... [   46.851006] md: raid0 personality registered for level 0
[   46.881109] md: raid1 personality registered for level 1
[   46.968045] raid6: sse2x1   gen()  5258 MB/s
[   47.083859] raid6: sse2x1   xor()  5720 MB/s
[   47.216021] raid6: sse2x2   gen()  8778 MB/s
[   47.328237] raid6: sse2x2   xor()  6411 MB/s
[   47.448025] raid6: sse2x4   gen() 10601 MB/s
[   47.548085] raid6: sse2x4   xor()  5204 MB/s
[   47.651847] raid6: avx2x1   gen()  7433 MB/s
[   47.744140] raid6: avx2x2   gen() 12928 MB/s
[   47.852648] raid6: avx2x4   gen() 16118 MB/s
[   47.935930] raid6: using algorithm avx2x4 gen() 16118 MB/s
[   47.948176] raid6: using avx2x2 recovery algorithm
[   47.967280] xor: automatically using best checksumming function:
[   48.047877]    avx       : 23867.000 MB/sec
[   48.080263] async_tx: api initialized (async)
[   48.111168] md: raid6 personality registered for level 6
[   48.161666] md: raid5 personality registered for level 5
[   48.229061] md: raid4 personality registered for level 4
[   48.351644] md: raid10 personality registered for level 10
done.
Begin: Running /scripts/init-premount ... done[   48.467922] Btrfs loaded
.
Begin: Mounting root file system ... Begin: Running /scripts/[   48.549458] EXT4-fs (sda1): mounted filesystem with ordered data mode. Opts: (null)
local-top ... done.
Begin: Running /scripts/local-premount ... Scanning for Btrfs filesystems
done.
Warning: fsck not present, so skipping root file system
done.
Begin: Running /scripts/local-bottom ... done.
Begin: Running /scripts/init-bottom ... done.
[   49.033363] systemd[1]: systemd 229 running in system mode. (+PAM +AUDIT +SELINUX +IMA +APPARMOR +SMACK +SYSVINIT +UTMP +LIBCRYPTSETUP +GCRYPT +GNUTLS +ACL +XZ -LZ4 +SECCOMP +BLKID +ELFUTILS +KMOD -IDN)
[   49.199058] systemd[1]: Detected virtualization oracle.
[   49.237670] systemd[1]: Detected architecture x86-64.

Welcome to [1mUbuntu 16.04.3 LTS[0m!

[   49.297670] system[1 S htname to <unt.
[   49.733608] systemd[1]: Initializing machine ID from random generator.
[   49.823330] systemd[1]: Installed transient /etc/machine-id file.
[   50.104144] random: nonblocking pool is initialized
[   50.277903] systemd[1]: Listening on udev Control Socket.
[[0;32m  OK  [0m] Listening on udev Control Socket.
[   50.356423] systemd[1]: Listening on Journal Socket.
[[0;32m  OK  [0m] Listening on Journal Socket.
[   50.373762] systemd[1]: Listening on LVM2 metadata daemon socket.
[[0;32m  OK  [0m] Listening on LVM2 metadata daemon socket.
[   50.438126] systemd[1]: taedTrigger resolvcon udate fr ntwrkd DNS.
[[0;32m  OK  [0m] Started Trigger resolvconf update for networkd DNS.
[   51.02205] std[1]: Listening on Device-mapper event daemon FIFOs.

[[0;32m  OK  [0m] Listening on Device-mapper event daemon FIFOs.
[ 516393] systemd[1]: Set up automount Arbitrary Executabe Fileorats File System Automount Point.

[[0;32m  OK  [0m] Set up automount Arbitrary Executab...ats File System Automount Point.
[ 51740] systemd[1]: Created slice System Slice.
[[0;32m  OK  [0m] Created slice System Slice.
[   51.997284] systemd[1]: Mounting Debug File System...
         Mounting Debug File System...
[   52.056267] systemd[1]: Mounting Huge Pages File System...
         Mounting Huge Pages File System...
[   52.101352] systemd[1]: Starting Set console keymap...
         Starting Set console keymap...
[   52.156005] systemd[1]: Starting Nameserver information manager...
         Starting Nameserver information manager...
[   52.329150] systemd[1]: Created slice system-serial\x2dgetty.slice.
[[0;32m  OK  [0m] Created slice system-serial\x2dgetty.slice.
[   52.364698] systemd[1]: Mounting POSIX Message Queue File System...
         Mounting POSIX Message Queue File System...
[   52.422053] systemd[1]: Starting Remount Root and Kernel File Systems...
[   52.430188] EXT4-fs (sda1): re-mounted. Opts: (null)
         Starting Remount Root and Kernel File Systems...
[   52.514660] systemd[1]: Starting Create list of required static device nodes for the current kernel...
         Starting Create list of required st... nodes for the current kernel...
[   52.624996] systemd[1]: Listening on Journal Audit Socket.
[[0;32m  OK  [0m] Listening on Journal Audit Socket.
[   52.676861] systemd[1]: Reached target Swap.
[[0;32m  OK  [0m] Reached target Swap.
[   52.708435] systemd[1]: Started Forward Password Requests to Wall Directory Watch.
[[0;32m  OK  [0m] Started Forward Password Requests to Wall Directory Watch.
[   52.797475] systemd[1]: Listening on Journal Socket (/dev/log).
[[0;32m  OK  [0m] Listening on Journal Socket (/dev/log).
[   52.948336] systemd[1]: Starting Load Kernel Modules...
         Startin[   53.078880] Loading iSCSI transport class v2.0-870.
g Load Kernel Mo[   53.136123] iscsi: registered transport (tcp)
dules...
[   53.183694] systemd[1]: Listening on udev Kernel Socket.
[[0;32m  OK  [0m] Listening on[   53.215750] iscsi: registered transport (iser)
 udev Kernel Socket.
[   53.349139] systemd[1]: Reached target User and Group Name Lookups.
[[0;32m  OK  [0m] Reached target User and Group Name Lookups.
[   53.426246] systemd[1]: Listening on LVM2 poll daemon socket.
[[0;32m  OK  [0m] Listening on LVM2 poll daemon socket.
[   53.498706] systemd[1]: Created slice User and Session Slice.
[[0;32m  OK  [0m] Created slice User and Session Slice.
[   53.562155] systemd[1]: Reached target Slices.
[[0;32m  OK  [0m] Reached target Slices.
[   53.719241] systemd[1]: Reached target Encrypted Volumes.
[[0;32m  OK  [0m] Reached target Encrypted Volumes.
[   53.784561] systemd[1]: Starting Uncomplicated firewall...
         Starting Uncomplicated firewall...
[   53.885472] systemd[1]: Listening on /dev/initctl Compatibility Named Pipe.
[[0;32m  OK  [0m] Listening on /dev/initctl Compatibility Named Pipe.
[ 54.18045syem[1]: Listening on Syslog Soct.
[[0;32m  OK  [0m] Listening on Syslog Socket.
[   55.002038] systemd[1]: Starting Journal Service...
         Starting Journal Service...
[   55.064859] systemd[1]: Starting Monitoring of LVM2 mirrors, snapshots etc. using dmeventd or progress polling...
         Starting Monitoring of LVM2 mirrors... dmeventd or progress polling...
[   55.193998] systemd[1]: Mounted Huge Pages File System.
[[0;32m  OK  [0m] Mounted Huge Pages File System.
[   55.765] stmd[1]: Moutedebu FleSyte

[[0;32m  OK  [0m] Mounted Debug File System.
[   55.872382 systemd[1]: Mounted POSIX Message Queue File System.
[[0;32m  OK  [0m] Mounted POSIX Message Queue File System.
[   56.004073] systemd[1]: Started Journal Service.
[[0;32m  OK  [0m] Started Journal Service.
[[0;32m  OK  [0m] Started Set console keymap.
[[0;32m  OK  [0m] Started Remount Root and Kernel File Systems.
[[0;32m  OK  [0m] Started Create list of required sta...ce nodes for the current kernel.
[[0;32m  OK  [0m] Started Load Kernel Modules.
[[0;32m  OK  [0m] Started Uncomplicated firewall.
[[0;32m  OK  [0m] Started Nameserver information manager.
[[0;32m  OK  [0m] Started LVM2 metadata daemon.
         Starting Apply Kernel Variables...
         Mounting FUSE Control File System...
         Starting Create Static Device Nodes in /dev...
         Starting udev Coldplug all Devices...
         Starting Load/Save Random Seed...
         Starting Initial cloud-init job (pre-networking)...
         Starting Flush Journal to Persistent Storage...
[[0;32m  OK  [0m] Mounted FUSE Control File System.
[[0;32m  OK  [0m] Started Apply Kernel Variables.
[[0;32m  OK  [0m] Started Create Static Device Nodes in /dev.
[[0;32m  OK  [0m] Started Load/Save Random Seed.
[[0;32m  OK  [0m] Started udev Coldplug all Devices.
[[0;32m  OK  [0m] Started Flush Journal to Persistent Storage.
         Starting udev Kernel Device Manager...
[[0;32m  OK  [0m] Started udev Kernel Device Manager.
[[0;32m  OK  [0m] Started Monitoring of LVM2 mirrors,...ng dmeventd or progress polling.
[[0;32m  OK  [0m] Reached target Local File Systems (Pre).
[[0;32m  OK  [0m] Reached target Local File Systems.
         Starting Create Volatile Files and Directories...
         Starting LSB: AppArmor initialization...
         Starting Tell Plymouth To Write Out Runtime Data...
         Starting Set console font and keymap...
         Starting Commit a transient machine-id on disk...
[[0;32m  OK  [0m] Started Dispatch Password Requests to Console Directory Watch.
[[0;32m  OK  [0m] Started Create Volatile Files and Directories.
[[0;32m  OK  [0m] Started Tell Plymouth To Write Out Runtime Data.
[[0;32m  OK  [0m] Started Commit a transient machine-id on disk.
[[0;32m  OK  [0m] Found device /dev/ttyS0.
         Starting Update UTMP about System Boot/Shutdown...
[[0;32m  OK  [0m] Reached target System Time Synchronized.
[[0;32m  OK  [0m] Started Update UTMP about System Boot/Shutdown.
[[0;32m  OK  [0m] Listening on Load/Save RF Kill Switch Status /dev/rfkill Watch.
[   33.447085] cloud-init[464]: Cloud-init v. 17.1 running 'init-local' at Sun, 10 Jun 2018 18:58:44 +0000. Up 32.11 seconds.
[[0;32m  OK  [0m] Started Initial cloud-init job (pre-networking).
[[0;32m  OK  [0m] Started LSB: AppArmor initialization.
[[0;32m  OK  [0m] Reached target Network (Pre).
         Starting Raise network interfaces...
[[0;32m  OK  [0m] Started Set console font and keymap.
[[0;32m  OK  [0m] Created slice system-getty.slice.
[[0;32m  OK  [0m] Started Raise network interfaces.
         Starting Initial cloud-init job (metadata service crawler)...
[[0;32m  OK  [0m] Reached target Network.
[   36.700369] cloud-init[947]: Cloud-init v. 17.1 running 'init' at Sun, 10 Jun 2018 18:58:48 +0000. Up 35.66 seconds.
[   36.785074] cloud-init[947]: ci-info: +++++++++++++++++++++++++++++++++++++Net device info++++++++++++++++++++++++++++++++++++++
[[0;32m  OK  [0m] Started Initial cloud-init job (metadata service crawler).
[[0;32m  OK  [0m] Reached target Network is Online.
[   36.883399] cloud-init[947]: ci-info: +--------+------+----------------------------+---------------+-------+-------------------+
[   37.084732]          cloud-initStarting iSCSI initiator daemon (iscsid)...[947]: 
ci-info: | Device |  Up  |          Address           |      Mask     | Scope |     Hw-Address    |
[   37.276722] [cloud-init[0;32m  OK  [0m[947]: ] ci-info: +--------+------+----------------------------+---------------+-------+-------------------+Reached target System Initialization.

[[0;32m  OK  [0m] Listening on D-Bus System Message Bus Socket.
[   37.277405] cloud-init[947]: ci-info: | enp0s3 | True |         10.0.2.15          | 255.255.255.0 |   .   | 02:1f:2a:60:99:e3 |
[[0;32m  OK  [0m] Listening on ACPID Listen Socket.
[[0;32m  OK  [0m] Started Timer to automatically refresh installed snaps.
[   37.447087] cloud-init[947]: ci-info: | enp0s3 | True | fe80::1f:2aff:fe60:99e3/64 |       .       |  link | 02:1f:2a:60:99:e3 |
[   37.848492] [cloud-init[0;32m  OK  [0m[947]: ] ci-info: |   lo   | True |         127.0.0.1          |   255.0.0.0   |   .   |         .         |Started ACPI Events Check.

[[0;32m  OK  [0m] Reached target Paths.
[[0;32m  OK  [0m] Started Daily apt download activities.
[   37.849478] cloud-init[947]: ci-info: |   lo   | True |          ::1/128           |       .       |  host |         .         |
[   38.184638]          cloud-initStarting LXD - unix socket.[947]: 
ci-info: +--------+------+----------------------------+---------------+-------+-------------------+
[   38.384687] [cloud-init[0;32m  OK  [0m[947]: ] ci-info: +++++++++++++++++++++++++++Route IPv4 info++++++++++++++++++++++++++++Started Daily Cleanup of Temporary Directories.

[   38.385624] [cloud-init[0;32m  OK  [0m[947]: ] ci-info: +-------+-------------+----------+---------------+-----------+-------+Started Daily apt upgrade and clean activities.

[[0;32m  OK  [0m] Reached target Timers.
[[0;32m  OK  [0m] Listening on UUID daemon activation socket.
[   38.526741] cloud-init[947]: ci-info: | Route | Destination | Gateway  |    Genmask    | Interface | Flags |
[   38.773017]          cloud-initStarting Socket activation for snappy daemon.
[947]: ci-info: +-------+-------------+----------+---------------+-----------+-------+
[   38.917227] [cloud-init[0;32m  OK  [0m[947]: ] ci-info: |   0   |   0.0.0.0   | 10.0.2.2 |    0.0.0.0    |   enp0s3  |   UG  |Reached target Cloud-config availability.

[   38.918219] cloud-init[947]: ci-info: |   1   |   10.0.2.0  | 0.0.0.0  | 255.255.255.0 |   enp0s3  |   U   |
[   39.032842] [cloud-init[0;32m  OK  [0m[947]: ] ci-info: +-------+-------------+----------+---------------+-----------+-------+Listening on LXD - unix socket.

[[0;32m  OK  [0m] Listening on Socket activation for snappy daemon.
[[0;32m  OK  [0m] Started iSCSI initiator daemon (iscsid).
[   39.033824] cloud-init[947]: Generating public/private rsa key pair.
         Starting Login to default iSCSI targets...
[   39.320539] cloud-init[947]: Your identification has been saved in /etc/ssh/ssh_host_rsa_key.
[   39.509029] [cloud-init[0;32m  OK  [0m[947]: ] Your public key has been saved in /etc/ssh/ssh_host_rsa_key.pub.Reached target Sockets.

[   39.510791] cloud-init[947]: The key fingerprint is:
[[0;32m  OK  [0m] Reached target Basic System.
[   39.578003] cloud-init[947]: SHA256:f2nbDwpHbeZigxgjA+HhWVi3SWmPVN4x2sZGsRU3AQY root@ubuntu-xenial
[   39.720792] cloud-init[947]: The key's randomart image is:
[[0;32m  OK  [0m] Started Deferred execution scheduler.
[[0;32m  OK  [0m] Started Unattended Upgrades Shutdown.
[   39.722729] cloud-init[947]: +---[RSA 2048]----+
[   39.936419]          cloud-initStarting Pollinate to seed the pseudo random number generator...[947]: 
|    ooo oo.E*+++o|
[   40.012806] cloud-init[947]: |   o.= o++ *.= ..|
[[0;32m  OK  [0m] Started D-Bus System Message Bus.
[   40.013977] cloud-init[947]: |    =  oooo B    |
[   40.112695] cloud-init[947]: |     .  . .o .   |
[   40.146909] [[0;32m  OK  [0m] Started ACPI event daemon.
cloud-init[947]: |      o S   . +  |
[   40.199057]          Starting Snappy daemon...
cloud-init[947]: |       o = o =   |
         Starting Apply the settings specified in cloud-config...
[   40.231881] cloud-init[947]: |        . + O o  |
[   40.312122] cloud-init[947]: |           * * . |
[   40.360979] cloud-init[947]: |            o ...|
         Starting LSB: MD monitoring daemon...
[   40.404021] cloud-init[947]: +----[SHA256]-----+
[   40.491168] cloud-init[947]: Generating public/private dsa key pair.
         Starting LXD - container startup/shutdown...
[   40.516310] cloud-init[947]: Your identification has been saved in /etc/ssh/ssh_host_dsa_key.
[   40.684555]          cloud-initStarting Accounts Service...[947]: 
Your public key has been saved in /etc/ssh/ssh_host_dsa_key.pub.
[   40.686716] cloud-init[947]: The key fingerprint is:
[   40.760884] cloud-init[947]: SHA256:WnmHWsaxbJhmgFvq6IDGNPgp2AEBBzPKKL8bRSNRU70 root@ubuntu-xenial
[[0;32m  OK  [0m] Started Regular background program processing daemon.
[   40.880259] cloud-init[947]: The key's randomart image is:
         Starting Login Service...
[[0;32m  OK  [0m] Started FUSE filesystem for LXC.
         Starting LSB: Record successful boot for GRUB...
[   40.971550] cloud-init[947]: +---[DSA 1024]----+
[   41.245284] cloud-init[947]: |B.o.o...         |
[   41.246251] cloud-init[947]: |+= . o  .        |
         Starting System Logging Service...
[   41.246634] cloud-init[947]: |=.. + o  ..      |
         Starting /etc/rc.local Compatibility...
[   41.463940] [cloud-init[0;32m  OK  [0m[947]: ] |oo o = .E* +     |Started Snappy daemon.

[[0;32m  OK  [0m] Started System Logging Service.
[[0;32m  OK  [0m] Started Pollinate to seed the pseudo random number generator.
[[0;32m  OK  [0m] Started LXD - container startup/shutdown.
[[0;32m  OK  [0m] Started /etc/rc.local Compatibility.
[   41.518822] cloud-init[947]: |.oo +   S X .    |
[   41.767518] cloud-init[947]: |=o.B   = * .     |
[   41.845693] cloud-init[947]: |=oB . . .        |
[[0;32m  OK  [0m] Started Login to default iSCSI targets.
[   41.846994] cloud-init[947]: |.+ o             |
[   41.978045] cloud-init[947]: |  o              |
[   42.029804] cloud-init[947]: +----[SHA256]-----+
[   42.135911] [cloud-init[0;32m  OK  [0m[947]: ] Generating public/private ecdsa key pair.Started LSB: MD monitoring daemon.

[   42.138124] cloud-init[947]: Your identification has been saved in /etc/ssh/ssh_host_ecdsa_key.
[[0;32m  OK  [0m] Started LSB: Record successful boot for GRUB.
[   42.330194] cloud-init[947]: Your public key has been saved in /etc/ssh/ssh_host_ecdsa_key.pub.
[   42.413988] cloud-init[947]: The key fingerprint is:
[[0;32m  OK  [0m] Started Login Service.
[   42.464635] cloud-init[947]: SHA256:RM4SfCZ2FdPHKFUOm0gy+N/54FVXqOJttwNKb8PT7mo root@ubuntu-xenial
         Starting Authenticate and Authorize Users to Run Privileged Tasks...
[[0;32m  OK  [0m] Reached target Remote File Systems (Pre).
[[0;32m  OK  [0m] Reached target Remote File Systems.
[   42.562660] cloud-init[947]: The key's randomart image is:
         Starting LSB: VirtualBox Linux Additions...
[   42.722258] cloud-init[947]: +---[ECDSA 256]---+
         Starting Permit User Sessions...
[   42.841591] cloud-init[947]: |     ...+.=+o+.. |
         Starting LSB: daemon to balance interrupts for SMP systems...
[   42.919357] cloud-init[947]: |      ==++.oo=+ .|
[   43.009448]          Starting LSB: automatic crash report generation...
cloud-init[947]: |     ..*+ ..oo. .|
         Starting LSB: Set the CPU Frequency Scaling governor to "ondemand"...
[   43.095466] cloud-init[947]: |       o. . .   o|
         Starting OpenBSD Secure Shell server...
[[0;32m  OK  [0m] Started OpenBSD Secure Shell server.
[[0;32m  OK  [0m] Started Permit User Sessions.
[[0;32m  OK  [0m] Started Authenticate and Authorize Users to Run Privileged Tasks.
[   43.211970] cloud-init[947]: |        So + . ..|
[   43.497290] cloud-init[947]: |          + B o  |
[[0;32m  OK  [0m] Started Accounts Service.
[   43.559732] cloud-init[947]: |         . * B . |
[   43.700698] cloud-init[947]: |          . E =  |
[   43.766436] [cloud-init[0;32m  OK  [0m[947]: ] |           o.*o. |Created slice User Slice of vagrant.

[   43.767336] cloud-init[947]: +----[SHA256]-----+
[   43.983875] cloud-init[947]: Generating public/private ed25519 key pair.
[   44.036737] cloud-init[947]: Your identification has been saved in /etc/ssh/ssh_host_ed25519_key.
         Starting Terminate Plymouth Boot Screen...
[   44.077874] cloud-init[947]: Your public key has been saved in /etc/ssh/ssh_host_ed25519_key.pub.
         Starting Hold until boot process finishes up...
[   44.143760] cloud-init[947]: The key fingerprint is:
[[0;32m  OK  [0m] Started LSB: VirtualBox Linux Additions.
[[0;32m  OK  [0m] Started LSB: daemon to balance interrupts for SMP systems.
[[0;32m  OK  [0m] Started LSB: automatic crash report generation.
[   44.188523] cloud-init[947]: SHA256:QxRBuRgY61jC7Bj7ioKkcM4zaf0KolOzrmTzM9/B3Tw root@ubuntu-xenial
[[0;32m  OK  [0m] Started LSB: Set the CPU Frequency Scaling governor to "ondemand".
[[0;32m  OK  [0m] Started Terminate Plymouth Boot Screen.
[[0;32m  OK  [0m] Started Hold until boot process finishes up.
[   44.325535] cloud-init[947]: The key's randomart image is:
[   44.400136] cloud-init[947]: +--[ED25519 256]--+
[   44.417266] cloud-init[947]: |    .o .=+       |
[   44.448025]          cloud-initStarting User Manager for UID 1000...[947]: 
| o  .....        |
[   44.541804] cloud-init[947]: |. + o  o..       |
[   44.564948] [cloud-init[0;32m  OK  [0m[947]: ] | = =  ...        |Started Serial Getty on ttyS0.

[   44.636569]          cloud-initStarting Set console scheme...[947]: 
|o o .   S        |
[   44.637842] cloud-init[947]: |.o+   . ..o      |
[   44.695236] cloud-init[947]: |*Oo=   o . E     |
[   44.732803] [cloud-init[0;32m  OK  [0m[947]: ] |Xo@+. . .   .    |Started Getty on tty1.

[[0;32m  OK  [0m] Reached target Login Prompts.
[   44.733944] cloud-init[947]: |*=.+=+..         |
[   44.813054] cloud-init[947]: +----[SHA256]-----+
[[0;32m  OK  [0m] Reached target Multi-User System.
[   44.820737] [cloud-init[0;32m  OK  [0m[1096]: ] Generating locales (this might take a while)...Reached target Graphical Interface.

[   45.049339]          cloud-initStarting Update UTMP about System Runlevel Changes...[1096]: 
  en_US.UTF-8... done
[   45.189412] cloud-init[1096]: Generation complete.
[[0;32m  OK  [0m] Started User Manager for UID 1000.
[[0;32m  OK  [0m] Started Set console scheme.
[[0;32m  OK  [0m] Started Session 1 of user vagrant.
[[0;32m  OK  [0m] Started Update UTMP about System Runlevel Changes.
[   45.460005] cloud-init[1096]: Cloud-init v. 17.1 running 'modules:config' at Sun, 10 Jun 2018 18:58:54 +0000. Up 41.50 seconds.
[[0;32m  OK  [0m] Started Apply the settings specified in cloud-config.
         Starting Execute cloud user/final scripts...
ci-info: no authorized ssh keys fingerprints found for user ubuntu.
<14>Jun 10 18:58:59 ec2: 
<14>Jun 10 18:58:59 ec2: #############################################################
<14>Jun 10 18:58:59 ec2: -----BEGIN SSH HOST KEY FINGERPRINTS-----
<14>Jun 10 18:58:59 ec2: 1024 SHA256:WnmHWsaxbJhmgFvq6IDGNPgp2AEBBzPKKL8bRSNRU70 root@ubuntu-xenial (DSA)
<14>Jun 10 18:58:59 ec2: 256 SHA256:RM4SfCZ2FdPHKFUOm0gy+N/54FVXqOJttwNKb8PT7mo root@ubuntu-xenial (ECDSA)
<14>Jun 10 18:58:59 ec2: 256 SHA256:QxRBuRgY61jC7Bj7ioKkcM4zaf0KolOzrmTzM9/B3Tw root@ubuntu-xenial (ED25519)
<14>Jun 10 18:58:59 ec2: 2048 SHA256:f2nbDwpHbeZigxgjA+HhWVi3SWmPVN4x2sZGsRU3AQY root@ubuntu-xenial (RSA)
<14>Jun 10 18:58:59 ec2: -----END SSH HOST KEY FINGERPRINTS-----
<14>Jun 10 18:58:59 ec2: #############################################################
-----BEGIN SSH HOST KEY KEYS-----
ecdsa-sha2-nistp256 AAAAE2VjZHNhLXNoYTItbmlzdHAyNTYAAAAIbmlzdHAyNTYAAABBBAcAP94YkjQXFkUyZ0F7zrvZc5bOwTwknlegs65lax7CdU/faWd513QUmPp+n0J08gfq6zUOHkJAjvpnRzdumnU= root@ubuntu-xenial
ssh-ed25519 AAAAC3NzaC1lZDI1NTE5AAAAIEwpsSDExe1OhdJeTPTqvuV1ARlYSt4R7jrxJPjKl5DB root@ubuntu-xenial
ssh-rsa AAAAB3NzaC1yc2EAAAADAQABAAABAQCoSjZm0dEiztIKGFtP7zDV++GBNkIjmn1hZa1M3/cnve57PCIrMU4LJnbZGic2FIT6TaTTl2yBr+K/1kVWDkDcpzlzf5PXGNg+e+dfnlnsJBt/mq9rhsn5oawSFpqayXaQvt9JW2UvICQ2C6HN/dzcFGLoTXLz0uZGyrkn4Zy0/V57/f3mF2vEPbmlKfo6wR14hBxDQegX12+HZz8EnljsxFOHsrCjdKsmuUc0NJchXCc82pg/uChCdt0xQNvYm701eVaa8NCWVQirCptZZFFwCYn3wSJydkKsijK+W4cliyP0KtJeD3hXX8bEfYKMJf/lGjQarfWlg3xY/AkIrfjB root@ubuntu-xenial
-----END SSH HOST KEY KEYS-----
[   48.485587] cloud-init[1363]: Cloud-init v. 17.1 running 'modules:final' at Sun, 10 Jun 2018 18:58:59 +0000. Up 46.83 seconds.
         Stopping User Manager for UID 1000...
[[0;32m  OK  [0m] Stopped User Manager for UID 1000.
[   48.585205] cloud-init[1363]: ci-info: no authorized ssh keys fingerprints found for user ubuntu.
[[0;32m  OK  [0m] Removed slice User Slice of vagrant.
[   48.701520] cloud-init[1363]: Cloud-init v. 17.1 finished at Sun, 10 Jun 2018 18:59:00 +0000. Datasource DataSourceNoCloud [seed=/dev/sdb][dsmode=net].  Up 48.46 seconds
[[0;32m  OK  [0m] Started Execute cloud user/final scripts.
[[0;32m  OK  [0m] Reached target Cloud-init target.

Ubuntu 16.04.3 LTS ubuntu-xenial ttyS0

ubuntu-xenial login: 